  CGLab1.vcxproj -> C:\Users\evgen\OneDrive\Документы\GitHub\LightPillars\x64\Debug\CGLab1.exe
C:\Users\evgen\OneDrive\Документы\GitHub\LightPillars\CGLab1\Camera.cpp(4): warning C26495: Variable 'Camera::yawAxis' is uninitialized. Always initialize a member variable (type.6).
C:\Users\evgen\OneDrive\Документы\GitHub\LightPillars\CGLab1\Delegates.h(409): warning C26495: Variable 'InlineAllocator<32>::<unnamed-tag>::pPtr' is uninitialized. Always initialize a member variable (type.6).
C:\Users\evgen\OneDrive\Документы\GitHub\LightPillars\CGLab1\Game.cpp(6): warning C26495: Variable 'Game::shadowViewport' is uninitialized. Always initialize a member variable (type.6).
C:\Users\evgen\OneDrive\Документы\GitHub\LightPillars\CGLab1\Game.cpp(208): warning C6387: 'sceneDepthTexture' could be '0'.
C:\Users\evgen\OneDrive\Документы\GitHub\LightPillars\CGLab1\Game.cpp(211): warning C6387: 'shadowDepthTexture' could be '0'.
C:\Users\evgen\OneDrive\Документы\GitHub\LightPillars\CGLab1\Game.cpp(219): warning C6387: 'shadowDepthTexture' could be '0'.
C:\Users\evgen\OneDrive\Документы\GitHub\LightPillars\CGLab1\Game.cpp(222): warning C6387: 'sceneDepthTexture' could be '0'.
C:\Users\evgen\OneDrive\Документы\GitHub\LightPillars\CGLab1\Game.cpp(233): warning C6387: 'backTexture' could be '0'.
C:\Users\evgen\OneDrive\Документы\GitHub\LightPillars\CGLab1\InputDevice.cpp(6): warning C26495: Variable 'InputDevice::hWnd' is uninitialized. Always initialize a member variable (type.6).
C:\Users\evgen\OneDrive\Документы\GitHub\LightPillars\CGLab1\InputDevice.h(19): warning C26495: Variable 'MouseMoveEventArgs::WheelDelta' is uninitialized. Always initialize a member variable (type.6).
C:\Users\evgen\OneDrive\Документы\GitHub\LightPillars\CGLab1\PointLight.cpp(3): warning C26495: Variable 'PointLight::shadowViewport' is uninitialized. Always initialize a member variable (type.6).
C:\Users\evgen\OneDrive\Документы\GitHub\LightPillars\CGLab1\PointLight.cpp(14): warning C26495: Variable 'PointLight::shadowViewport' is uninitialized. Always initialize a member variable (type.6).
C:\Users\evgen\OneDrive\Документы\GitHub\LightPillars\CGLab1\PointLight.cpp(25): warning C26495: Variable 'PointLight::shadowViewport' is uninitialized. Always initialize a member variable (type.6).
C:\Users\evgen\OneDrive\Документы\GitHub\LightPillars\CGLab1\PointLight.cpp(36): warning C26495: Variable 'PointLight::shadowViewport' is uninitialized. Always initialize a member variable (type.6).
C:\Users\evgen\OneDrive\Документы\GitHub\LightPillars\CGLab1\PointLight.cpp(140): warning C6387: 'this->depthTextures[2]' could be '0'.
C:\Users\evgen\OneDrive\Документы\GitHub\LightPillars\CGLab1\PointLight.cpp(143): warning C6387: 'this->depthTextures[4]' could be '0'.
C:\Users\evgen\OneDrive\Документы\GitHub\LightPillars\CGLab1\PointLight.cpp(150): warning C6387: 'this->depthTextures[2]' could be '0'.
C:\Users\evgen\OneDrive\Документы\GitHub\LightPillars\CGLab1\PointLight.cpp(153): warning C6387: 'this->depthTextures[4]' could be '0'.
C:\Users\evgen\OneDrive\Документы\GitHub\LightPillars\CGLab1\TriangleComponent.h(21): warning C26495: Variable 'TriangleComponentParameters::points' is uninitialized. Always initialize a member variable (type.6).
C:\Users\evgen\OneDrive\Документы\GitHub\LightPillars\CGLab1\TriangleComponent.cpp(5): warning C26495: Variable 'TriangleComponent::depthPixelShader' is uninitialized. Always initialize a member variable (type.6).
C:\Users\evgen\OneDrive\Документы\GitHub\LightPillars\CGLab1\TriangleComponent.cpp(48): warning C26495: Variable 'TriangleComponent::depthPixelShader' is uninitialized. Always initialize a member variable (type.6).
